<?xml version="1.0" encoding="UTF-8"?>
<!-- Generated by org.testng.reporters.JUnitXMLReporter -->
<testsuite ignored="1" hostname="ZIL1322" failures="0" tests="3" name="SmokeTests" time="52.975" errors="0" timestamp="2025-09-02T03:46:41 IST">
  <testcase classname="gmd.sand.tests.LoginTest" name="invalidUserLogin" time="5.654"/>
  <testcase classname="gmd.sand.tests.LoginTest" name="validUserLogin" time="5.385"/>
  <testcase classname="gmd.sand.tests.CheckoutPageTest" name="PlaceOrder" time="16.652"/>
  <testcase classname="gmd.sand.base.BaseTest" name="@AfterSuite cleanUp" time="0.0">
    <ignored/>
  </testcase> <!-- @AfterSuite cleanUp -->
</testsuite> <!-- SmokeTests -->
