<?xml version="1.0" encoding="UTF-8"?>
<!-- Generated by org.testng.reporters.JUnitXMLReporter -->
<testsuite ignored="0" hostname="ZIL1322" failures="0" tests="1" name="SmokeTests" time="0.057" errors="0" timestamp="2025-08-31T16:00:34 IST">
  <testcase classname="gmd.sand.base.BaseTest" name="@BeforeTest launchApplication" time="0.007">
    <failure type="java.lang.NullPointerException" message="Cannot invoke &amp;quot;org.openqa.selenium.WebDriver.get(String)&amp;quot; because &amp;quot;this.driver&amp;quot; is null">
      <![CDATA[java.lang.NullPointerException: Cannot invoke "org.openqa.selenium.WebDriver.get(String)" because "this.driver" is null
at gmd.sand.base.BaseTest.launchApplication(BaseTest.java:31)
... Removed 22 stack frames]]>
    </failure>
  </testcase> <!-- @BeforeTest launchApplication -->
  <testcase classname="gmd.sand.base.BaseTest" name="@BeforeMethod setUp" time="0.0">
    <skipped/>
  </testcase> <!-- @BeforeMethod setUp -->
  <testcase classname="gmd.sand.tests.LoginTest" name="validUserLogin" time="0.0">
    <skipped/>
  </testcase> <!-- validUserLogin -->
</testsuite> <!-- SmokeTests -->
