<?xml version="1.0" encoding="UTF-8"?>
<testng-results ignored="0" total="3" passed="3" failed="0" skipped="0">
  <reporter-output>
  </reporter-output>
  <suite started-at="2025-09-02T03:45:48 IST" name="SandBoxAutomationTests" finished-at="2025-09-02T03:46:41 IST" duration-ms="52975">
    <groups>
    </groups>
    <test started-at="2025-09-02T03:45:48 IST" name="SmokeTests" finished-at="2025-09-02T03:46:41 IST" duration-ms="52975">
      <class name="gmd.sand.tests.LoginTest">
        <test-method is-config="true" signature="launchApplication()[pri:0, instance:gmd.sand.tests.LoginTest@38467116]" started-at="2025-09-02T03:45:48 IST" name="launchApplication" finished-at="2025-09-02T03:45:58 IST" duration-ms="9557" status="PASS">
          <reporter-output>
          </reporter-output>
        </test-method> <!-- launchApplication -->
        <test-method signature="invalidUserLogin()[pri:0, instance:gmd.sand.tests.LoginTest@38467116]" started-at="2025-09-02T03:45:58 IST" name="invalidUserLogin" finished-at="2025-09-02T03:46:03 IST" duration-ms="5654" status="PASS">
          <reporter-output>
          </reporter-output>
        </test-method> <!-- invalidUserLogin -->
        <test-method is-config="true" signature="tearDown()[pri:0, instance:gmd.sand.tests.LoginTest@38467116]" started-at="2025-09-02T03:46:03 IST" name="tearDown" finished-at="2025-09-02T03:46:03 IST" duration-ms="281" status="PASS">
          <reporter-output>
          </reporter-output>
        </test-method> <!-- tearDown -->
        <test-method is-config="true" signature="launchApplication()[pri:0, instance:gmd.sand.tests.LoginTest@38467116]" started-at="2025-09-02T03:46:03 IST" name="launchApplication" finished-at="2025-09-02T03:46:12 IST" duration-ms="8310" status="PASS">
          <reporter-output>
          </reporter-output>
        </test-method> <!-- launchApplication -->
        <test-method signature="validUserLogin()[pri:0, instance:gmd.sand.tests.LoginTest@38467116]" started-at="2025-09-02T03:46:12 IST" name="validUserLogin" finished-at="2025-09-02T03:46:17 IST" duration-ms="5385" status="PASS">
          <reporter-output>
          </reporter-output>
        </test-method> <!-- validUserLogin -->
        <test-method is-config="true" signature="tearDown()[pri:0, instance:gmd.sand.tests.LoginTest@38467116]" started-at="2025-09-02T03:46:17 IST" name="tearDown" finished-at="2025-09-02T03:46:17 IST" duration-ms="198" status="PASS">
          <reporter-output>
          </reporter-output>
        </test-method> <!-- tearDown -->
        <test-method is-config="true" signature="cleanUp()[pri:0, instance:gmd.sand.tests.LoginTest@38467116]" started-at="2025-09-02T03:46:41 IST" name="cleanUp" finished-at="2025-09-02T03:46:41 IST" duration-ms="518" status="PASS">
          <reporter-output>
          </reporter-output>
        </test-method> <!-- cleanUp -->
      </class> <!-- gmd.sand.tests.LoginTest -->
      <class name="gmd.sand.tests.CheckoutPageTest">
        <test-method is-config="true" signature="launchApplication()[pri:0, instance:gmd.sand.tests.CheckoutPageTest@4b8d604b]" started-at="2025-09-02T03:46:17 IST" name="launchApplication" finished-at="2025-09-02T03:46:24 IST" duration-ms="6650" status="PASS">
          <reporter-output>
          </reporter-output>
        </test-method> <!-- launchApplication -->
        <test-method signature="PlaceOrder()[pri:0, instance:gmd.sand.tests.CheckoutPageTest@4b8d604b]" started-at="2025-09-02T03:46:24 IST" name="PlaceOrder" finished-at="2025-09-02T03:46:41 IST" duration-ms="16652" status="PASS">
          <reporter-output>
          </reporter-output>
        </test-method> <!-- PlaceOrder -->
        <test-method is-config="true" signature="tearDown()[pri:0, instance:gmd.sand.tests.CheckoutPageTest@4b8d604b]" started-at="2025-09-02T03:46:41 IST" name="tearDown" finished-at="2025-09-02T03:46:41 IST" duration-ms="239" status="PASS">
          <reporter-output>
          </reporter-output>
        </test-method> <!-- tearDown -->
      </class> <!-- gmd.sand.tests.CheckoutPageTest -->
    </test> <!-- SmokeTests -->
  </suite> <!-- SandBoxAutomationTests -->
</testng-results>
