<?xml version="1.0" encoding="UTF-8"?>
<testng-results ignored="0" total="1" passed="1" failed="0" skipped="0">
  <reporter-output>
  </reporter-output>
  <suite started-at="2025-08-31T23:07:53 IST" name="Default suite" finished-at="2025-08-31T23:08:18 IST" duration-ms="25389">
    <groups>
    </groups>
    <test started-at="2025-08-31T23:07:53 IST" name="Default test" finished-at="2025-08-31T23:08:18 IST" duration-ms="25389">
      <class name="gmd.sand.tests.CheckoutPageTest">
        <test-method is-config="true" signature="launchApplication()[pri:0, instance:gmd.sand.tests.CheckoutPageTest@59402b8f]" started-at="2025-08-31T23:07:53 IST" name="launchApplication" finished-at="2025-08-31T23:08:01 IST" duration-ms="8261" status="PASS">
          <reporter-output>
          </reporter-output>
        </test-method> <!-- launchApplication -->
        <test-method signature="PlaceOrder()[pri:0, instance:gmd.sand.tests.CheckoutPageTest@59402b8f]" started-at="2025-08-31T23:08:01 IST" name="PlaceOrder" finished-at="2025-08-31T23:08:18 IST" duration-ms="16776" status="PASS">
          <reporter-output>
          </reporter-output>
        </test-method> <!-- PlaceOrder -->
        <test-method is-config="true" signature="tearDown()[pri:0, instance:gmd.sand.tests.CheckoutPageTest@59402b8f]" started-at="2025-08-31T23:08:18 IST" name="tearDown" finished-at="2025-08-31T23:08:18 IST" duration-ms="297" status="PASS">
          <reporter-output>
          </reporter-output>
        </test-method> <!-- tearDown -->
        <test-method is-config="true" signature="cleanUp()[pri:0, instance:gmd.sand.tests.CheckoutPageTest@59402b8f]" started-at="2025-08-31T23:08:18 IST" name="cleanUp" finished-at="2025-08-31T23:08:18 IST" duration-ms="0" status="PASS">
          <reporter-output>
          </reporter-output>
        </test-method> <!-- cleanUp -->
      </class> <!-- gmd.sand.tests.CheckoutPageTest -->
    </test> <!-- Default test -->
  </suite> <!-- Default suite -->
</testng-results>
